Determining if the Q_WS_X11 exist failed with the following output:
Change Dir: /Users/anusha/Computer Graphics/MedicalVisualization/build/CMakeFiles/CMakeTmp

Run Build Command:"/usr/bin/make" "cmTC_1f4d0/fast"
/Applications/Xcode.app/Contents/Developer/usr/bin/make -f CMakeFiles/cmTC_1f4d0.dir/build.make CMakeFiles/cmTC_1f4d0.dir/build
Building CXX object CMakeFiles/cmTC_1f4d0.dir/CheckSymbolExists.cxx.o
/Applications/Xcode.app/Contents/Developer/Toolchains/XcodeDefault.xctoolchain/usr/bin/c++    -I/usr/local/Cellar/qt/4.8.7_2/include -F/usr/local/Cellar/qt/4.8.7_2/lib   -o CMakeFiles/cmTC_1f4d0.dir/CheckSymbolExists.cxx.o -c "/Users/anusha/Computer Graphics/MedicalVisualization/build/CMakeFiles/CMakeTmp/CheckSymbolExists.cxx"
/Users/anusha/Computer Graphics/MedicalVisualization/build/CMakeFiles/CMakeTmp/CheckSymbolExists.cxx:8:19: error: use of undeclared identifier 'Q_WS_X11'
  return ((int*)(&Q_WS_X11))[argc];
                  ^
1 error generated.
make[1]: *** [CMakeFiles/cmTC_1f4d0.dir/CheckSymbolExists.cxx.o] Error 1
make: *** [cmTC_1f4d0/fast] Error 2

File /Users/anusha/Computer Graphics/MedicalVisualization/build/CMakeFiles/CMakeTmp/CheckSymbolExists.cxx:
/* */
#include <QtCore/qglobal.h>

int main(int argc, char** argv)
{
  (void)argv;
#ifndef Q_WS_X11
  return ((int*)(&Q_WS_X11))[argc];
#else
  (void)argc;
  return 0;
#endif
}

Determining if the Q_WS_WIN exist failed with the following output:
Change Dir: /Users/anusha/Computer Graphics/MedicalVisualization/build/CMakeFiles/CMakeTmp

Run Build Command:"/usr/bin/make" "cmTC_8ddcf/fast"
/Applications/Xcode.app/Contents/Developer/usr/bin/make -f CMakeFiles/cmTC_8ddcf.dir/build.make CMakeFiles/cmTC_8ddcf.dir/build
Building CXX object CMakeFiles/cmTC_8ddcf.dir/CheckSymbolExists.cxx.o
/Applications/Xcode.app/Contents/Developer/Toolchains/XcodeDefault.xctoolchain/usr/bin/c++    -I/usr/local/Cellar/qt/4.8.7_2/include -F/usr/local/Cellar/qt/4.8.7_2/lib   -o CMakeFiles/cmTC_8ddcf.dir/CheckSymbolExists.cxx.o -c "/Users/anusha/Computer Graphics/MedicalVisualization/build/CMakeFiles/CMakeTmp/CheckSymbolExists.cxx"
/Users/anusha/Computer Graphics/MedicalVisualization/build/CMakeFiles/CMakeTmp/CheckSymbolExists.cxx:8:19: error: use of undeclared identifier 'Q_WS_WIN'
  return ((int*)(&Q_WS_WIN))[argc];
                  ^
1 error generated.
make[1]: *** [CMakeFiles/cmTC_8ddcf.dir/CheckSymbolExists.cxx.o] Error 1
make: *** [cmTC_8ddcf/fast] Error 2

File /Users/anusha/Computer Graphics/MedicalVisualization/build/CMakeFiles/CMakeTmp/CheckSymbolExists.cxx:
/* */
#include <QtCore/qglobal.h>

int main(int argc, char** argv)
{
  (void)argv;
#ifndef Q_WS_WIN
  return ((int*)(&Q_WS_WIN))[argc];
#else
  (void)argc;
  return 0;
#endif
}

Determining if the Q_WS_QWS exist failed with the following output:
Change Dir: /Users/anusha/Computer Graphics/MedicalVisualization/build/CMakeFiles/CMakeTmp

Run Build Command:"/usr/bin/make" "cmTC_72fe1/fast"
/Applications/Xcode.app/Contents/Developer/usr/bin/make -f CMakeFiles/cmTC_72fe1.dir/build.make CMakeFiles/cmTC_72fe1.dir/build
Building CXX object CMakeFiles/cmTC_72fe1.dir/CheckSymbolExists.cxx.o
/Applications/Xcode.app/Contents/Developer/Toolchains/XcodeDefault.xctoolchain/usr/bin/c++    -I/usr/local/Cellar/qt/4.8.7_2/include -F/usr/local/Cellar/qt/4.8.7_2/lib   -o CMakeFiles/cmTC_72fe1.dir/CheckSymbolExists.cxx.o -c "/Users/anusha/Computer Graphics/MedicalVisualization/build/CMakeFiles/CMakeTmp/CheckSymbolExists.cxx"
/Users/anusha/Computer Graphics/MedicalVisualization/build/CMakeFiles/CMakeTmp/CheckSymbolExists.cxx:8:19: error: use of undeclared identifier 'Q_WS_QWS'
  return ((int*)(&Q_WS_QWS))[argc];
                  ^
1 error generated.
make[1]: *** [CMakeFiles/cmTC_72fe1.dir/CheckSymbolExists.cxx.o] Error 1
make: *** [cmTC_72fe1/fast] Error 2

File /Users/anusha/Computer Graphics/MedicalVisualization/build/CMakeFiles/CMakeTmp/CheckSymbolExists.cxx:
/* */
#include <QtCore/qglobal.h>

int main(int argc, char** argv)
{
  (void)argv;
#ifndef Q_WS_QWS
  return ((int*)(&Q_WS_QWS))[argc];
#else
  (void)argc;
  return 0;
#endif
}

